This file contains any messages produced by compilers while
running configure, to aid debugging if configure makes a mistake.

It was created by Advancing-Front-Method_2D configure 1.0, which was
generated by GNU Autoconf 2.69.  Invocation command line was

  $ ./configure 

## --------- ##
## Platform. ##
## --------- ##

hostname = guangmu-ThinkPad-X240s
uname -m = x86_64
uname -r = 3.11.0-15-generic
uname -s = Linux
uname -v = #23-Ubuntu SMP Mon Dec 9 18:17:04 UTC 2013

/usr/bin/uname -p = unknown
/bin/uname -X     = unknown

/bin/arch              = unknown
/usr/bin/arch -k       = unknown
/usr/convex/getsysinfo = unknown
/usr/bin/hostinfo      = unknown
/bin/machine           = unknown
/usr/bin/oslevel       = unknown
/bin/universe          = unknown

PATH: /usr/lib/lightdm/lightdm
PATH: /usr/local/sbin
PATH: /usr/local/bin
PATH: /usr/sbin
PATH: /usr/bin
PATH: /sbin
PATH: /bin
PATH: /usr/games
PATH: /usr/local/games


## ----------- ##
## Core tests. ##
## ----------- ##

configure:2194: checking for a BSD-compatible install
configure:2262: result: /usr/bin/install -c
configure:2273: checking whether build environment is sane
configure:2328: result: yes
configure:2479: checking for a thread-safe mkdir -p
configure:2518: result: /bin/mkdir -p
configure:2525: checking for gawk
configure:2555: result: no
configure:2525: checking for mawk
configure:2541: found /usr/bin/mawk
configure:2552: result: mawk
configure:2563: checking whether make sets $(MAKE)
configure:2585: result: yes
configure:2735: checking for g++
configure:2751: found /usr/bin/g++
configure:2762: result: g++
configure:2789: checking for C++ compiler version
configure:2798: g++ --version >&5
g++ (Ubuntu/Linaro 4.8.1-10ubuntu9) 4.8.1
Copyright (C) 2013 Free Software Foundation, Inc.
This is free software; see the source for copying conditions.  There is NO
warranty; not even for MERCHANTABILITY or FITNESS FOR A PARTICULAR PURPOSE.

configure:2809: $? = 0
configure:2798: g++ -v >&5
Using built-in specs.
COLLECT_GCC=g++
COLLECT_LTO_WRAPPER=/usr/lib/gcc/x86_64-linux-gnu/4.8/lto-wrapper
Target: x86_64-linux-gnu
Configured with: ../src/configure -v --with-pkgversion='Ubuntu/Linaro 4.8.1-10ubuntu9' --with-bugurl=file:///usr/share/doc/gcc-4.8/README.Bugs --enable-languages=c,c++,java,go,d,fortran,objc,obj-c++ --prefix=/usr --program-suffix=-4.8 --enable-shared --enable-linker-build-id --libexecdir=/usr/lib --without-included-gettext --enable-threads=posix --with-gxx-include-dir=/usr/include/c++/4.8 --libdir=/usr/lib --enable-nls --with-sysroot=/ --enable-clocale=gnu --enable-libstdcxx-debug --enable-libstdcxx-time=yes --enable-gnu-unique-object --enable-plugin --with-system-zlib --disable-browser-plugin --enable-java-awt=gtk --enable-gtk-cairo --with-java-home=/usr/lib/jvm/java-1.5.0-gcj-4.8-amd64/jre --enable-java-home --with-jvm-root-dir=/usr/lib/jvm/java-1.5.0-gcj-4.8-amd64 --with-jvm-jar-dir=/usr/lib/jvm-exports/java-1.5.0-gcj-4.8-amd64 --with-arch-directory=amd64 --with-ecj-jar=/usr/share/java/eclipse-ecj.jar --enable-objc-gc --enable-multiarch --disable-werror --with-arch-32=i686 --with-abi=m64 --with-multilib-list=m32,m64,mx32 --with-tune=generic --enable-checking=release --build=x86_64-linux-gnu --host=x86_64-linux-gnu --target=x86_64-linux-gnu
Thread model: posix
gcc version 4.8.1 (Ubuntu/Linaro 4.8.1-10ubuntu9) 
configure:2809: $? = 0
configure:2798: g++ -V >&5
g++: error: unrecognized command line option '-V'
g++: fatal error: no input files
compilation terminated.
configure:2809: $? = 4
configure:2798: g++ -qversion >&5
g++: error: unrecognized command line option '-qversion'
g++: fatal error: no input files
compilation terminated.
configure:2809: $? = 4
configure:2829: checking whether the C++ compiler works
configure:2851: g++ -g0 -O3   conftest.cpp  >&5
configure:2855: $? = 0
configure:2903: result: yes
configure:2906: checking for C++ compiler default output file name
configure:2908: result: a.out
configure:2914: checking for suffix of executables
configure:2921: g++ -o conftest -g0 -O3   conftest.cpp  >&5
configure:2925: $? = 0
configure:2947: result: 
configure:2969: checking whether we are cross compiling
configure:2977: g++ -o conftest -g0 -O3   conftest.cpp  >&5
configure:2981: $? = 0
configure:2988: ./conftest
configure:2992: $? = 0
configure:3007: result: no
configure:3012: checking for suffix of object files
configure:3034: g++ -c -g0 -O3  conftest.cpp >&5
configure:3038: $? = 0
configure:3059: result: o
configure:3063: checking whether we are using the GNU C++ compiler
configure:3082: g++ -c -g0 -O3  conftest.cpp >&5
configure:3082: $? = 0
configure:3091: result: yes
configure:3100: checking whether g++ accepts -g
configure:3120: g++ -c -g  conftest.cpp >&5
configure:3120: $? = 0
configure:3161: result: yes
configure:3195: checking for style of include used by make
configure:3223: result: GNU
configure:3249: checking dependency style of g++
configure:3360: result: gcc3
configure:3429: checking for gcc
configure:3445: found /usr/bin/gcc
configure:3456: result: gcc
configure:3685: checking for C compiler version
configure:3694: gcc --version >&5
gcc (Ubuntu/Linaro 4.8.1-10ubuntu9) 4.8.1
Copyright (C) 2013 Free Software Foundation, Inc.
This is free software; see the source for copying conditions.  There is NO
warranty; not even for MERCHANTABILITY or FITNESS FOR A PARTICULAR PURPOSE.

configure:3705: $? = 0
configure:3694: gcc -v >&5
Using built-in specs.
COLLECT_GCC=gcc
COLLECT_LTO_WRAPPER=/usr/lib/gcc/x86_64-linux-gnu/4.8/lto-wrapper
Target: x86_64-linux-gnu
Configured with: ../src/configure -v --with-pkgversion='Ubuntu/Linaro 4.8.1-10ubuntu9' --with-bugurl=file:///usr/share/doc/gcc-4.8/README.Bugs --enable-languages=c,c++,java,go,d,fortran,objc,obj-c++ --prefix=/usr --program-suffix=-4.8 --enable-shared --enable-linker-build-id --libexecdir=/usr/lib --without-included-gettext --enable-threads=posix --with-gxx-include-dir=/usr/include/c++/4.8 --libdir=/usr/lib --enable-nls --with-sysroot=/ --enable-clocale=gnu --enable-libstdcxx-debug --enable-libstdcxx-time=yes --enable-gnu-unique-object --enable-plugin --with-system-zlib --disable-browser-plugin --enable-java-awt=gtk --enable-gtk-cairo --with-java-home=/usr/lib/jvm/java-1.5.0-gcj-4.8-amd64/jre --enable-java-home --with-jvm-root-dir=/usr/lib/jvm/java-1.5.0-gcj-4.8-amd64 --with-jvm-jar-dir=/usr/lib/jvm-exports/java-1.5.0-gcj-4.8-amd64 --with-arch-directory=amd64 --with-ecj-jar=/usr/share/java/eclipse-ecj.jar --enable-objc-gc --enable-multiarch --disable-werror --with-arch-32=i686 --with-abi=m64 --with-multilib-list=m32,m64,mx32 --with-tune=generic --enable-checking=release --build=x86_64-linux-gnu --host=x86_64-linux-gnu --target=x86_64-linux-gnu
Thread model: posix
gcc version 4.8.1 (Ubuntu/Linaro 4.8.1-10ubuntu9) 
configure:3705: $? = 0
configure:3694: gcc -V >&5
gcc: error: unrecognized command line option '-V'
gcc: fatal error: no input files
compilation terminated.
configure:3705: $? = 4
configure:3694: gcc -qversion >&5
gcc: error: unrecognized command line option '-qversion'
gcc: fatal error: no input files
compilation terminated.
configure:3705: $? = 4
configure:3709: checking whether we are using the GNU C compiler
configure:3728: gcc -c   conftest.c >&5
configure:3728: $? = 0
configure:3737: result: yes
configure:3746: checking whether gcc accepts -g
configure:3766: gcc -c -g  conftest.c >&5
configure:3766: $? = 0
configure:3807: result: yes
configure:3824: checking for gcc option to accept ISO C89
configure:3887: gcc  -c -g -O2  conftest.c >&5
configure:3887: $? = 0
configure:3900: result: none needed
configure:3922: checking dependency style of gcc
configure:4033: result: gcc3
configure:4054: checking how to run the C preprocessor
configure:4085: gcc -E  conftest.c
configure:4085: $? = 0
configure:4099: gcc -E  conftest.c
conftest.c:11:28: fatal error: ac_nonexistent.h: No such file or directory
 #include <ac_nonexistent.h>
                            ^
compilation terminated.
configure:4099: $? = 1
configure: failed program was:
| /* confdefs.h */
| #define PACKAGE_NAME "Advancing-Front-Method_2D"
| #define PACKAGE_TARNAME "advancing-front-method_2d"
| #define PACKAGE_VERSION "1.0"
| #define PACKAGE_STRING "Advancing-Front-Method_2D 1.0"
| #define PACKAGE_BUGREPORT "guangmuzhu@gmail.com"
| #define PACKAGE_URL ""
| #define PACKAGE "advancing-front-method_2d"
| #define VERSION "1.0"
| /* end confdefs.h.  */
| #include <ac_nonexistent.h>
configure:4124: result: gcc -E
configure:4144: gcc -E  conftest.c
configure:4144: $? = 0
configure:4158: gcc -E  conftest.c
conftest.c:11:28: fatal error: ac_nonexistent.h: No such file or directory
 #include <ac_nonexistent.h>
                            ^
compilation terminated.
configure:4158: $? = 1
configure: failed program was:
| /* confdefs.h */
| #define PACKAGE_NAME "Advancing-Front-Method_2D"
| #define PACKAGE_TARNAME "advancing-front-method_2d"
| #define PACKAGE_VERSION "1.0"
| #define PACKAGE_STRING "Advancing-Front-Method_2D 1.0"
| #define PACKAGE_BUGREPORT "guangmuzhu@gmail.com"
| #define PACKAGE_URL ""
| #define PACKAGE "advancing-front-method_2d"
| #define VERSION "1.0"
| /* end confdefs.h.  */
| #include <ac_nonexistent.h>
configure:4187: checking for grep that handles long lines and -e
configure:4245: result: /bin/grep
configure:4250: checking for egrep
configure:4312: result: /bin/grep -E
configure:4317: checking for ANSI C header files
configure:4337: gcc -c -g -O2  conftest.c >&5
configure:4337: $? = 0
configure:4410: gcc -o conftest -g -O2   conftest.c  >&5
configure:4410: $? = 0
configure:4410: ./conftest
configure:4410: $? = 0
configure:4421: result: yes
configure:4434: checking for sys/types.h
configure:4434: gcc -c -g -O2  conftest.c >&5
configure:4434: $? = 0
configure:4434: result: yes
configure:4434: checking for sys/stat.h
configure:4434: gcc -c -g -O2  conftest.c >&5
configure:4434: $? = 0
configure:4434: result: yes
configure:4434: checking for stdlib.h
configure:4434: gcc -c -g -O2  conftest.c >&5
configure:4434: $? = 0
configure:4434: result: yes
configure:4434: checking for string.h
configure:4434: gcc -c -g -O2  conftest.c >&5
configure:4434: $? = 0
configure:4434: result: yes
configure:4434: checking for memory.h
configure:4434: gcc -c -g -O2  conftest.c >&5
configure:4434: $? = 0
configure:4434: result: yes
configure:4434: checking for strings.h
configure:4434: gcc -c -g -O2  conftest.c >&5
configure:4434: $? = 0
configure:4434: result: yes
configure:4434: checking for inttypes.h
configure:4434: gcc -c -g -O2  conftest.c >&5
configure:4434: $? = 0
configure:4434: result: yes
configure:4434: checking for stdint.h
configure:4434: gcc -c -g -O2  conftest.c >&5
configure:4434: $? = 0
configure:4434: result: yes
configure:4434: checking for unistd.h
configure:4434: gcc -c -g -O2  conftest.c >&5
configure:4434: $? = 0
configure:4434: result: yes
configure:4446: checking for stdbool.h that conforms to C99
configure:4513: gcc -c -g -O2  conftest.c >&5
configure:4513: $? = 0
configure:4520: result: yes
configure:4522: checking for _Bool
configure:4522: gcc -c -g -O2  conftest.c >&5
configure:4522: $? = 0
configure:4522: gcc -c -g -O2  conftest.c >&5
conftest.c: In function 'main':
conftest.c:57:20: error: expected expression before ')' token
 if (sizeof ((_Bool)))
                    ^
configure:4522: $? = 1
configure: failed program was:
| /* confdefs.h */
| #define PACKAGE_NAME "Advancing-Front-Method_2D"
| #define PACKAGE_TARNAME "advancing-front-method_2d"
| #define PACKAGE_VERSION "1.0"
| #define PACKAGE_STRING "Advancing-Front-Method_2D 1.0"
| #define PACKAGE_BUGREPORT "guangmuzhu@gmail.com"
| #define PACKAGE_URL ""
| #define PACKAGE "advancing-front-method_2d"
| #define VERSION "1.0"
| #define STDC_HEADERS 1
| #define HAVE_SYS_TYPES_H 1
| #define HAVE_SYS_STAT_H 1
| #define HAVE_STDLIB_H 1
| #define HAVE_STRING_H 1
| #define HAVE_MEMORY_H 1
| #define HAVE_STRINGS_H 1
| #define HAVE_INTTYPES_H 1
| #define HAVE_STDINT_H 1
| #define HAVE_UNISTD_H 1
| /* end confdefs.h.  */
| #include <stdio.h>
| #ifdef HAVE_SYS_TYPES_H
| # include <sys/types.h>
| #endif
| #ifdef HAVE_SYS_STAT_H
| # include <sys/stat.h>
| #endif
| #ifdef STDC_HEADERS
| # include <stdlib.h>
| # include <stddef.h>
| #else
| # ifdef HAVE_STDLIB_H
| #  include <stdlib.h>
| # endif
| #endif
| #ifdef HAVE_STRING_H
| # if !defined STDC_HEADERS && defined HAVE_MEMORY_H
| #  include <memory.h>
| # endif
| # include <string.h>
| #endif
| #ifdef HAVE_STRINGS_H
| # include <strings.h>
| #endif
| #ifdef HAVE_INTTYPES_H
| # include <inttypes.h>
| #endif
| #ifdef HAVE_STDINT_H
| # include <stdint.h>
| #endif
| #ifdef HAVE_UNISTD_H
| # include <unistd.h>
| #endif
| int
| main ()
| {
| if (sizeof ((_Bool)))
| 	    return 0;
|   ;
|   return 0;
| }
configure:4522: result: yes
configure:4538: checking for pow
configure:4538: gcc -o conftest -g -O2   conftest.c  >&5
conftest.c:45:6: warning: conflicting types for built-in function 'pow' [enabled by default]
 char pow ();
      ^
/tmp/cc1y022p.o: In function `main':
/home/guangmu/Documents/C-C++/advancing-front-method_2d-1.0/conftest.c:56: undefined reference to `pow'
collect2: error: ld returned 1 exit status
configure:4538: $? = 1
configure: failed program was:
| /* confdefs.h */
| #define PACKAGE_NAME "Advancing-Front-Method_2D"
| #define PACKAGE_TARNAME "advancing-front-method_2d"
| #define PACKAGE_VERSION "1.0"
| #define PACKAGE_STRING "Advancing-Front-Method_2D 1.0"
| #define PACKAGE_BUGREPORT "guangmuzhu@gmail.com"
| #define PACKAGE_URL ""
| #define PACKAGE "advancing-front-method_2d"
| #define VERSION "1.0"
| #define STDC_HEADERS 1
| #define HAVE_SYS_TYPES_H 1
| #define HAVE_SYS_STAT_H 1
| #define HAVE_STDLIB_H 1
| #define HAVE_STRING_H 1
| #define HAVE_MEMORY_H 1
| #define HAVE_STRINGS_H 1
| #define HAVE_INTTYPES_H 1
| #define HAVE_STDINT_H 1
| #define HAVE_UNISTD_H 1
| #define HAVE__BOOL 1
| /* end confdefs.h.  */
| /* Define pow to an innocuous variant, in case <limits.h> declares pow.
|    For example, HP-UX 11i <limits.h> declares gettimeofday.  */
| #define pow innocuous_pow
| 
| /* System header to define __stub macros and hopefully few prototypes,
|     which can conflict with char pow (); below.
|     Prefer <limits.h> to <assert.h> if __STDC__ is defined, since
|     <limits.h> exists even on freestanding compilers.  */
| 
| #ifdef __STDC__
| # include <limits.h>
| #else
| # include <assert.h>
| #endif
| 
| #undef pow
| 
| /* Override any GCC internal prototype to avoid an error.
|    Use char because int might match the return type of a GCC
|    builtin and then its argument prototype would still apply.  */
| #ifdef __cplusplus
| extern "C"
| #endif
| char pow ();
| /* The GNU C library defines this for functions which it implements
|     to always fail with ENOSYS.  Some functions are actually named
|     something starting with __ and the normal name is an alias.  */
| #if defined __stub_pow || defined __stub___pow
| choke me
| #endif
| 
| int
| main ()
| {
| return pow ();
|   ;
|   return 0;
| }
configure:4538: result: no
configure:4538: checking for sqrt
configure:4538: gcc -o conftest -g -O2   conftest.c  >&5
conftest.c:45:6: warning: conflicting types for built-in function 'sqrt' [enabled by default]
 char sqrt ();
      ^
/tmp/ccVnXWLq.o: In function `main':
/home/guangmu/Documents/C-C++/advancing-front-method_2d-1.0/conftest.c:56: undefined reference to `sqrt'
collect2: error: ld returned 1 exit status
configure:4538: $? = 1
configure: failed program was:
| /* confdefs.h */
| #define PACKAGE_NAME "Advancing-Front-Method_2D"
| #define PACKAGE_TARNAME "advancing-front-method_2d"
| #define PACKAGE_VERSION "1.0"
| #define PACKAGE_STRING "Advancing-Front-Method_2D 1.0"
| #define PACKAGE_BUGREPORT "guangmuzhu@gmail.com"
| #define PACKAGE_URL ""
| #define PACKAGE "advancing-front-method_2d"
| #define VERSION "1.0"
| #define STDC_HEADERS 1
| #define HAVE_SYS_TYPES_H 1
| #define HAVE_SYS_STAT_H 1
| #define HAVE_STDLIB_H 1
| #define HAVE_STRING_H 1
| #define HAVE_MEMORY_H 1
| #define HAVE_STRINGS_H 1
| #define HAVE_INTTYPES_H 1
| #define HAVE_STDINT_H 1
| #define HAVE_UNISTD_H 1
| #define HAVE__BOOL 1
| /* end confdefs.h.  */
| /* Define sqrt to an innocuous variant, in case <limits.h> declares sqrt.
|    For example, HP-UX 11i <limits.h> declares gettimeofday.  */
| #define sqrt innocuous_sqrt
| 
| /* System header to define __stub macros and hopefully few prototypes,
|     which can conflict with char sqrt (); below.
|     Prefer <limits.h> to <assert.h> if __STDC__ is defined, since
|     <limits.h> exists even on freestanding compilers.  */
| 
| #ifdef __STDC__
| # include <limits.h>
| #else
| # include <assert.h>
| #endif
| 
| #undef sqrt
| 
| /* Override any GCC internal prototype to avoid an error.
|    Use char because int might match the return type of a GCC
|    builtin and then its argument prototype would still apply.  */
| #ifdef __cplusplus
| extern "C"
| #endif
| char sqrt ();
| /* The GNU C library defines this for functions which it implements
|     to always fail with ENOSYS.  Some functions are actually named
|     something starting with __ and the normal name is an alias.  */
| #if defined __stub_sqrt || defined __stub___sqrt
| choke me
| #endif
| 
| int
| main ()
| {
| return sqrt ();
|   ;
|   return 0;
| }
configure:4538: result: no
configure:4660: checking that generated files are newer than configure
configure:4666: result: done
configure:4693: creating ./config.status

## ---------------------- ##
## Running config.status. ##
## ---------------------- ##

This file was extended by Advancing-Front-Method_2D config.status 1.0, which was
generated by GNU Autoconf 2.69.  Invocation command line was

  CONFIG_FILES    = 
  CONFIG_HEADERS  = 
  CONFIG_LINKS    = 
  CONFIG_COMMANDS = 
  $ ./config.status 

on guangmu-ThinkPad-X240s

config.status:855: creating Makefile
config.status:855: creating config.h
config.status:1084: executing depfiles commands

## ---------------- ##
## Cache variables. ##
## ---------------- ##

ac_cv_c_compiler_gnu=yes
ac_cv_cxx_compiler_gnu=yes
ac_cv_env_CCC_set=
ac_cv_env_CCC_value=
ac_cv_env_CC_set=
ac_cv_env_CC_value=
ac_cv_env_CFLAGS_set=
ac_cv_env_CFLAGS_value=
ac_cv_env_CPPFLAGS_set=
ac_cv_env_CPPFLAGS_value=
ac_cv_env_CPP_set=
ac_cv_env_CPP_value=
ac_cv_env_CXXFLAGS_set=
ac_cv_env_CXXFLAGS_value=
ac_cv_env_CXX_set=
ac_cv_env_CXX_value=
ac_cv_env_LDFLAGS_set=
ac_cv_env_LDFLAGS_value=
ac_cv_env_LIBS_set=
ac_cv_env_LIBS_value=
ac_cv_env_build_alias_set=
ac_cv_env_build_alias_value=
ac_cv_env_host_alias_set=
ac_cv_env_host_alias_value=
ac_cv_env_target_alias_set=
ac_cv_env_target_alias_value=
ac_cv_func_pow=no
ac_cv_func_sqrt=no
ac_cv_header_inttypes_h=yes
ac_cv_header_memory_h=yes
ac_cv_header_stdbool_h=yes
ac_cv_header_stdc=yes
ac_cv_header_stdint_h=yes
ac_cv_header_stdlib_h=yes
ac_cv_header_string_h=yes
ac_cv_header_strings_h=yes
ac_cv_header_sys_stat_h=yes
ac_cv_header_sys_types_h=yes
ac_cv_header_unistd_h=yes
ac_cv_objext=o
ac_cv_path_EGREP='/bin/grep -E'
ac_cv_path_GREP=/bin/grep
ac_cv_path_install='/usr/bin/install -c'
ac_cv_path_mkdir=/bin/mkdir
ac_cv_prog_AWK=mawk
ac_cv_prog_CPP='gcc -E'
ac_cv_prog_ac_ct_CC=gcc
ac_cv_prog_ac_ct_CXX=g++
ac_cv_prog_cc_c89=
ac_cv_prog_cc_g=yes
ac_cv_prog_cxx_g=yes
ac_cv_prog_make_make_set=yes
ac_cv_type__Bool=yes
am_cv_CC_dependencies_compiler_type=gcc3
am_cv_CXX_dependencies_compiler_type=gcc3

## ----------------- ##
## Output variables. ##
## ----------------- ##

ACLOCAL='${SHELL} /home/guangmu/Documents/C-C++/advancing-front-method_2d-1.0/missing --run aclocal-1.12'
AMDEPBACKSLASH='\'
AMDEP_FALSE='#'
AMDEP_TRUE=''
AMTAR='$${TAR-tar}'
AUTOCONF='${SHELL} /home/guangmu/Documents/C-C++/advancing-front-method_2d-1.0/missing --run autoconf'
AUTOHEADER='${SHELL} /home/guangmu/Documents/C-C++/advancing-front-method_2d-1.0/missing --run autoheader'
AUTOMAKE='${SHELL} /home/guangmu/Documents/C-C++/advancing-front-method_2d-1.0/missing --run automake-1.12'
AWK='mawk'
CC='gcc'
CCDEPMODE='depmode=gcc3'
CFLAGS='-g -O2'
CPP='gcc -E'
CPPFLAGS=''
CXX='g++'
CXXDEPMODE='depmode=gcc3'
CXXFLAGS='-g0 -O3'
CYGPATH_W='echo'
DEFS='-DHAVE_CONFIG_H'
DEPDIR='.deps'
ECHO_C=''
ECHO_N='-n'
ECHO_T=''
EGREP='/bin/grep -E'
EXEEXT=''
GREP='/bin/grep'
INSTALL_DATA='${INSTALL} -m 644'
INSTALL_PROGRAM='${INSTALL}'
INSTALL_SCRIPT='${INSTALL}'
INSTALL_STRIP_PROGRAM='$(install_sh) -c -s'
LDFLAGS=''
LIBOBJS=''
LIBS=''
LTLIBOBJS=''
MAKEINFO='${SHELL} /home/guangmu/Documents/C-C++/advancing-front-method_2d-1.0/missing --run makeinfo'
MKDIR_P='/bin/mkdir -p'
OBJEXT='o'
PACKAGE='advancing-front-method_2d'
PACKAGE_BUGREPORT='guangmuzhu@gmail.com'
PACKAGE_NAME='Advancing-Front-Method_2D'
PACKAGE_STRING='Advancing-Front-Method_2D 1.0'
PACKAGE_TARNAME='advancing-front-method_2d'
PACKAGE_URL=''
PACKAGE_VERSION='1.0'
PATH_SEPARATOR=':'
SET_MAKE=''
SHELL='/bin/sh'
STRIP=''
VERSION='1.0'
ac_ct_CC='gcc'
ac_ct_CXX='g++'
am__EXEEXT_FALSE=''
am__EXEEXT_TRUE='#'
am__fastdepCC_FALSE='#'
am__fastdepCC_TRUE=''
am__fastdepCXX_FALSE='#'
am__fastdepCXX_TRUE=''
am__include='include'
am__isrc=''
am__leading_dot='.'
am__nodep='_no'
am__quote=''
am__tar='$${TAR-tar} chof - "$$tardir"'
am__untar='$${TAR-tar} xf -'
bindir='${exec_prefix}/bin'
build_alias=''
datadir='${datarootdir}'
datarootdir='${prefix}/share'
docdir='${datarootdir}/doc/${PACKAGE_TARNAME}'
dvidir='${docdir}'
exec_prefix='${prefix}'
host_alias=''
htmldir='${docdir}'
includedir='${prefix}/include'
infodir='${datarootdir}/info'
install_sh='${SHELL} /home/guangmu/Documents/C-C++/advancing-front-method_2d-1.0/install-sh'
libdir='${exec_prefix}/lib'
libexecdir='${exec_prefix}/libexec'
localedir='${datarootdir}/locale'
localstatedir='${prefix}/var'
mandir='${datarootdir}/man'
mkdir_p='$(MKDIR_P)'
oldincludedir='/usr/include'
pdfdir='${docdir}'
prefix='/usr/local'
program_transform_name='s,x,x,'
psdir='${docdir}'
sbindir='${exec_prefix}/sbin'
sharedstatedir='${prefix}/com'
sysconfdir='${prefix}/etc'
target_alias=''

## ----------- ##
## confdefs.h. ##
## ----------- ##

/* confdefs.h */
#define PACKAGE_NAME "Advancing-Front-Method_2D"
#define PACKAGE_TARNAME "advancing-front-method_2d"
#define PACKAGE_VERSION "1.0"
#define PACKAGE_STRING "Advancing-Front-Method_2D 1.0"
#define PACKAGE_BUGREPORT "guangmuzhu@gmail.com"
#define PACKAGE_URL ""
#define PACKAGE "advancing-front-method_2d"
#define VERSION "1.0"
#define STDC_HEADERS 1
#define HAVE_SYS_TYPES_H 1
#define HAVE_SYS_STAT_H 1
#define HAVE_STDLIB_H 1
#define HAVE_STRING_H 1
#define HAVE_MEMORY_H 1
#define HAVE_STRINGS_H 1
#define HAVE_INTTYPES_H 1
#define HAVE_STDINT_H 1
#define HAVE_UNISTD_H 1
#define HAVE__BOOL 1

configure: exit 0
